
Showing logs for build [32mcb-kubecd-environment-pr-96-45-6sl8z-1[0m stage [32mfrom-build-pack[0m and container [32mstep-credential-initializer-vxsrg[0m
{"level":"warn","ts":1575373715.6037889,"logger":"fallback-logger","caller":"logging/config.go:69","msg":"Fetch GitHub commit ID from kodata failed: \"ref: refs/heads/master\" is not a valid GitHub commit ID"}
{"level":"info","ts":1575373715.6046047,"logger":"fallback-logger","caller":"creds-init/main.go:40","msg":"Credentials initialized."}

Showing logs for build [32mcb-kubecd-environment-pr-96-45-6sl8z-1[0m stage [32mfrom-build-pack[0m and container [32mstep-working-dir-initializer-jnglz[0m
{"level":"warn","ts":1575373716.1206086,"logger":"fallback-logger","caller":"logging/config.go:69","msg":"Fetch GitHub commit ID from kodata failed: open /var/run/ko/HEAD: no such file or directory"}
{"level":"info","ts":1575373716.1221616,"logger":"fallback-logger","caller":"bash/main.go:65","msg":"Successfully executed command \"mkdir -p /workspace/source\""}

Showing logs for build [32mcb-kubecd-environment-pr-96-45-6sl8z-1[0m stage [32mfrom-build-pack[0m and container [32mstep-place-tools[0m

Showing logs for build [32mcb-kubecd-environment-pr-96-45-6sl8z-1[0m stage [32mfrom-build-pack[0m and container [32mstep-git-source-cb-kubecd-environment-pr-96-45-cq4vl[0m
{"level":"warn","ts":1575373722.17565,"logger":"fallback-logger","caller":"logging/config.go:69","msg":"Fetch GitHub commit ID from kodata failed: \"ref: refs/heads/master\" is not a valid GitHub commit ID"}
{"level":"info","ts":1575373722.3313088,"logger":"fallback-logger","caller":"git/git.go:102","msg":"Successfully cloned https://github.com/cb-kubecd/environment-pr-96-45-boot-eks-staging.git @ master in path /workspace/source"}

Showing logs for build [32mcb-kubecd-environment-pr-96-45-6sl8z-1[0m stage [32mfrom-build-pack[0m and container [32mstep-git-merge[0m
Using SHAs from PULL_REFS=master:9194becfff0071e349249d3d390c6af7bbcb6be3,1:f9c33a5d79b39e83fde5265a62a8c5dc92382962
DEBUG: ran git fetch --unshallow origin f9c33a5d79b39e83fde5265a62a8c5dc92382962: 9194becfff0071e349249d3d390c6af7bbcb6be3: in 
DEBUG: ran git checkout master in 
DEBUG: ran git reset --hard 9194becfff0071e349249d3d390c6af7bbcb6be3 in 
DEBUG: ran clean --force -d . in 
DEBUG: ran git merge f9c33a5d79b39e83fde5265a62a8c5dc92382962 in 
Merged SHA f9c33a5d79b39e83fde5265a62a8c5dc92382962 with commit message 'chore: Promote bdd-spring-1575373479 to version 0.0.1' into base branch master

Showing logs for build [32mcb-kubecd-environment-pr-96-45-6sl8z-1[0m stage [32mfrom-build-pack[0m and container [32mstep-build-helm-build[0m
WARNING: No $CHART_REPOSITORY defined so using the default value of: http://jenkins-x-chartmuseum:8080
Adding missing Helm repo: storage.googleapis.com https://storage.googleapis.com/chartmuseum.jenkins-x.io
Read credentials for https://storage.googleapis.com/chartmuseum.jenkins-x.io from vault helm/repos
Successfully added Helm repository storage.googleapis.com.
Adding missing Helm repo: jenkins-x-chartmuseum http://jenkins-x-chartmuseum:8080
Read credentials for http://jenkins-x-chartmuseum:8080 from vault helm/repos
Successfully added Helm repository jenkins-x-chartmuseum.
WARNING: No $CHART_REPOSITORY defined so using the default value of: http://jenkins-x-chartmuseum:8080
Adding missing Helm repo: chartmuseum.jenkins-x.io http://chartmuseum.jenkins-x.io
Read credentials for http://chartmuseum.jenkins-x.io from vault helm/repos
Successfully added Helm repository chartmuseum.jenkins-x.io.
